C:\Users\Chan\Desktop\SGUNITED FULL STACK DEV\MVCcore\CustomerApp\AngularClientCode\CustomerClientApp\dist\out-tsc\e2e\src\app.po.js
C:\Users\Chan\Desktop\SGUNITED FULL STACK DEV\MVCcore\CustomerApp\AngularClientCode\CustomerClientApp\dist\out-tsc\e2e\src\app.po.js.map
C:\Users\Chan\Desktop\SGUNITED FULL STACK DEV\MVCcore\CustomerApp\AngularClientCode\CustomerClientApp\dist\out-tsc\e2e\src\app.e2e-spec.js
C:\Users\Chan\Desktop\SGUNITED FULL STACK DEV\MVCcore\CustomerApp\AngularClientCode\CustomerClientApp\dist\out-tsc\e2e\src\app.e2e-spec.js.map
C:\Users\Chan\Desktop\SGUNITED FULL STACK DEV\MVCcore\CustomerApp\AngularClientCode\CustomerClientApp\dist\out-tsc\src\app\app.model.js
C:\Users\Chan\Desktop\SGUNITED FULL STACK DEV\MVCcore\CustomerApp\AngularClientCode\CustomerClientApp\dist\out-tsc\src\app\app.model.js.map
C:\Users\Chan\Desktop\SGUNITED FULL STACK DEV\MVCcore\CustomerApp\AngularClientCode\CustomerClientApp\dist\out-tsc\src\app\app.component.js
C:\Users\Chan\Desktop\SGUNITED FULL STACK DEV\MVCcore\CustomerApp\AngularClientCode\CustomerClientApp\dist\out-tsc\src\app\app.component.js.map
C:\Users\Chan\Desktop\SGUNITED FULL STACK DEV\MVCcore\CustomerApp\AngularClientCode\CustomerClientApp\dist\out-tsc\src\app\app.module.js
C:\Users\Chan\Desktop\SGUNITED FULL STACK DEV\MVCcore\CustomerApp\AngularClientCode\CustomerClientApp\dist\out-tsc\src\app\app.module.js.map
C:\Users\Chan\Desktop\SGUNITED FULL STACK DEV\MVCcore\CustomerApp\AngularClientCode\CustomerClientApp\dist\out-tsc\src\environments\environment.js
C:\Users\Chan\Desktop\SGUNITED FULL STACK DEV\MVCcore\CustomerApp\AngularClientCode\CustomerClientApp\dist\out-tsc\src\environments\environment.js.map
C:\Users\Chan\Desktop\SGUNITED FULL STACK DEV\MVCcore\CustomerApp\AngularClientCode\CustomerClientApp\dist\out-tsc\src\main.js
C:\Users\Chan\Desktop\SGUNITED FULL STACK DEV\MVCcore\CustomerApp\AngularClientCode\CustomerClientApp\dist\out-tsc\src\main.js.map
C:\Users\Chan\Desktop\SGUNITED FULL STACK DEV\MVCcore\CustomerApp\AngularClientCode\CustomerClientApp\dist\out-tsc\src\polyfills.js
C:\Users\Chan\Desktop\SGUNITED FULL STACK DEV\MVCcore\CustomerApp\AngularClientCode\CustomerClientApp\dist\out-tsc\src\polyfills.js.map
C:\Users\Chan\Desktop\SGUNITED FULL STACK DEV\MVCcore\CustomerApp\AngularClientCode\CustomerClientApp\dist\out-tsc\src\test.js
C:\Users\Chan\Desktop\SGUNITED FULL STACK DEV\MVCcore\CustomerApp\AngularClientCode\CustomerClientApp\dist\out-tsc\src\test.js.map
C:\Users\Chan\Desktop\SGUNITED FULL STACK DEV\MVCcore\CustomerApp\AngularClientCode\CustomerClientApp\dist\out-tsc\src\environments\environment.prod.js
C:\Users\Chan\Desktop\SGUNITED FULL STACK DEV\MVCcore\CustomerApp\AngularClientCode\CustomerClientApp\dist\out-tsc\src\environments\environment.prod.js.map
